  Camera.cpp
  Collision.cpp
  Company.cpp
  Dinput8.cpp
  DirectX.cpp
  Enemy.cpp
  Explosion.cpp
  Fade.cpp
  GameClearOver.cpp
  Ground.cpp
  Light.cpp
  Main.cpp
  Menu.cpp
  Player.cpp
  Ranking.cpp
  SkyBox.cpp
  SnowBall.cpp
  SnowParticle.cpp
  Sound.cpp
  Title.cpp
  コンパイル中...
  Tutorial.cpp
  UI.cpp
  WorldBillboard.cpp
  WorldModel.cpp
  コード生成しています。
  130 of 131 functions (99.2%) were compiled, the rest were copied from previous compilation.
    20 functions were new in current compilation
    0 functions had inline decision re-evaluated but remain unchanged
  コード生成が終了しました。
  SnowFight.vcxproj -> C:\Users\student\Desktop\SnowFight\Release\SnowFight.exe
  SnowFight.vcxproj -> C:\Users\student\Desktop\SnowFight\Release\SnowFight.pdb (Full PDB)
